#
# There is insufficient memory for the Java Runtime Environment to continue.
# Native memory allocation (malloc) failed to allocate 1364336 bytes for Chunk::new
# Possible reasons:
#   The system is out of physical RAM or swap space
#   In 32 bit mode, the process size limit was hit
# Possible solutions:
#   Reduce memory load on the system
#   Increase physical memory or swap space
#   Check if swap backing store is full
#   Use 64 bit Java on a 64 bit OS
#   Decrease Java heap size (-Xmx/-Xms)
#   Decrease number of Java threads
#   Decrease Java thread stack sizes (-Xss)
#   Set larger code cache with -XX:ReservedCodeCacheSize=
# This output file may be truncated or incomplete.
#
#  Out of Memory Error (allocation.cpp:390), pid=18304, tid=0x0000000000003068
#
# JRE version: OpenJDK Runtime Environment (8.0_152-b01) (build 1.8.0_152-release-1343-b01)
# Java VM: OpenJDK 64-Bit Server VM (25.152-b01 mixed mode windows-amd64 compressed oops)
# Failed to write core dump. Minidumps are not enabled by default on client versions of Windows
#

---------------  T H R E A D  ---------------

Current thread (0x000000001c155000):  JavaThread "C2 CompilerThread2" daemon [_thread_in_native, id=12392, stack(0x000000001cb10000,0x000000001cc10000)]

Stack: [0x000000001cb10000,0x000000001cc10000]
[error occurred during error reporting (printing stack bounds), id 0xc0000005]

Native frames: (J=compiled Java code, j=interpreted, Vv=VM code, C=native code)


Current CompileTask:
C2: 139628 21307       4       com.android.tools.r8.ir.regalloc.LinearScanRegisterAllocator::allocateSingleInterval (841 bytes)


---------------  P R O C E S S  ---------------

Java Threads: ( => current thread )
  0x000000001e433800 JavaThread "ForkJoinPool.commonPool-worker-0" daemon [_thread_in_Java, id=4076, stack(0x0000000037ed0000,0x0000000037fd0000)]
  0x000000001e432000 JavaThread "ForkJoinPool.commonPool-worker-2" daemon [_thread_in_Java, id=18136, stack(0x0000000037dd0000,0x0000000037ed0000)]
  0x000000001e431800 JavaThread "ForkJoinPool.commonPool-worker-1" daemon [_thread_in_Java, id=7484, stack(0x000000002fe50000,0x000000002ff50000)]
  0x000000001e424800 JavaThread "ForkJoinPool.commonPool-worker-7" daemon [_thread_in_native, id=20864, stack(0x000000002fc50000,0x000000002fd50000)]
  0x000000001e426000 JavaThread "ForkJoinPool.commonPool-worker-6" daemon [_thread_in_Java, id=11216, stack(0x000000002fb50000,0x000000002fc50000)]
  0x000000001e427800 JavaThread "ForkJoinPool.commonPool-worker-4" daemon [_thread_in_native, id=9440, stack(0x000000002f950000,0x000000002fa50000)]
  0x000000001e42b800 JavaThread "ForkJoinPool.commonPool-worker-3" daemon [_thread_in_Java, id=16248, stack(0x000000002f750000,0x000000002f850000)]
  0x000000001e42a000 JavaThread "Cache worker for Java compile cache (I:\Android\GrayStatic\ReleasingNew\.gradle\5.1.1\javaCompile)" [_thread_blocked, id=16028, stack(0x000000002f650000,0x000000002f750000)]
  0x0000000020608800 JavaThread "Cache worker for Java compile cache (C:\Users\cyberman\.gradle\caches\5.1.1\javaCompile)" [_thread_blocked, id=5632, stack(0x000000002f550000,0x000000002f650000)]
  0x000000002060c000 JavaThread "RMI TCP Connection(idle)" daemon [_thread_blocked, id=20784, stack(0x000000002f450000,0x000000002f550000)]
  0x0000000022109800 JavaThread "RMI TCP Connection(idle)" daemon [_thread_blocked, id=17600, stack(0x000000002f250000,0x000000002f350000)]
  0x000000002210f800 JavaThread "RMI TCP Connection(idle)" daemon [_thread_blocked, id=1604, stack(0x000000002e080000,0x000000002e180000)]
  0x000000002210c800 JavaThread "RMI Reaper" [_thread_blocked, id=14824, stack(0x000000002df80000,0x000000002e080000)]
  0x000000002210a000 JavaThread "RMI TCP Accept-0" daemon [_thread_in_native, id=17712, stack(0x000000002de80000,0x000000002df80000)]
  0x000000002210d000 JavaThread "GC Daemon" daemon [_thread_blocked, id=16520, stack(0x000000002dd80000,0x000000002de80000)]
  0x000000002210b000 JavaThread "RMI Scheduler(0)" daemon [_thread_blocked, id=20224, stack(0x000000002db80000,0x000000002dc80000)]
  0x0000000022104000 JavaThread "stdout" daemon [_thread_in_native, id=2868, stack(0x000000002cab0000,0x000000002cbb0000)]
  0x0000000022101000 JavaThread "stderr" daemon [_thread_in_native, id=15792, stack(0x000000002c9b0000,0x000000002cab0000)]
  0x0000000022105000 JavaThread "pool-4-thread-1" [_thread_blocked, id=23072, stack(0x000000002c8b0000,0x000000002c9b0000)]
  0x0000000022107000 JavaThread "Cache worker for execution history cache (I:\Android\GrayStatic\ReleasingNew\.gradle\5.1.1\executionHistory)" [_thread_blocked, id=22092, stack(0x000000002c6b0000,0x000000002c7b0000)]
  0x0000000022102000 JavaThread "Execution worker for ':' Thread 7" [_thread_blocked, id=6088, stack(0x000000002c5b0000,0x000000002c6b0000)]
  0x0000000022106800 JavaThread "Execution worker for ':' Thread 6" [_thread_blocked, id=7116, stack(0x000000002c4b0000,0x000000002c5b0000)]
  0x0000000022105800 JavaThread "Execution worker for ':' Thread 5" [_thread_blocked, id=18396, stack(0x000000002c3b0000,0x000000002c4b0000)]
  0x000000001c15e000 JavaThread "Execution worker for ':' Thread 4" [_thread_blocked, id=22064, stack(0x000000002c2b0000,0x000000002c3b0000)]
  0x0000000020613800 JavaThread "Execution worker for ':' Thread 3" [_thread_blocked, id=19416, stack(0x000000002c1b0000,0x000000002c2b0000)]
  0x0000000020613000 JavaThread "Execution worker for ':' Thread 2" [_thread_blocked, id=15968, stack(0x000000002c0b0000,0x000000002c1b0000)]
  0x0000000020610000 JavaThread "Execution worker for ':'" [_thread_blocked, id=5696, stack(0x000000002bfb0000,0x000000002c0b0000)]
  0x0000000020612000 JavaThread "Cache worker for file content cache (I:\Android\GrayStatic\ReleasingNew\.gradle\5.1.1\fileContent)" [_thread_blocked, id=19676, stack(0x000000002beb0000,0x000000002bfb0000)]
  0x0000000020611800 JavaThread "Cache worker for Build Output Cleanup Cache (I:\Android\GrayStatic\ReleasingNew\.gradle\buildOutputCleanup)" [_thread_blocked, id=15212, stack(0x000000002bdb0000,0x000000002beb0000)]
  0x000000002060f000 JavaThread "pool-3-thread-1" [_thread_blocked, id=19216, stack(0x000000002bcb0000,0x000000002bdb0000)]
  0x000000002060e800 JavaThread "Build operations Thread 8" [_thread_blocked, id=15856, stack(0x000000002bbb0000,0x000000002bcb0000)]
  0x0000000020610800 JavaThread "Build operations Thread 7" [_thread_blocked, id=4436, stack(0x000000002bab0000,0x000000002bbb0000)]
  0x0000000020607000 JavaThread "Build operations Thread 6" [_thread_blocked, id=9512, stack(0x000000002b9b0000,0x000000002bab0000)]
  0x000000002060d000 JavaThread "Build operations Thread 5" [_thread_blocked, id=3836, stack(0x000000002b8b0000,0x000000002b9b0000)]
  0x000000002172e800 JavaThread "Build operations Thread 4" [_thread_blocked, id=5152, stack(0x000000002b7b0000,0x000000002b8b0000)]
  0x000000002172d800 JavaThread "Build operations Thread 3" [_thread_blocked, id=13812, stack(0x000000002b6b0000,0x000000002b7b0000)]
  0x000000002172d000 JavaThread "Build operations Thread 2" [_thread_blocked, id=21860, stack(0x000000002b5b0000,0x000000002b6b0000)]
  0x0000000021730800 JavaThread "Build operations" [_thread_blocked, id=11564, stack(0x000000002b4b0000,0x000000002b5b0000)]
  0x0000000021730000 JavaThread "Cache worker for cache directory md-rule (C:\Users\cyberman\.gradle\caches\5.1.1\md-rule)" [_thread_blocked, id=19088, stack(0x000000002b3b0000,0x000000002b4b0000)]
  0x0000000021725800 JavaThread "Cache worker for cache directory md-supplier (C:\Users\cyberman\.gradle\caches\5.1.1\md-supplier)" [_thread_blocked, id=11796, stack(0x000000002b2b0000,0x000000002b3b0000)]
  0x000000002172b800 JavaThread "Cache worker for file hash cache (I:\Android\GrayStatic\ReleasingNew\.gradle\5.1.1\fileHashes)" [_thread_blocked, id=11104, stack(0x000000002b1b0000,0x000000002b2b0000)]
  0x0000000021724000 JavaThread "Thread-39" [_thread_blocked, id=20276, stack(0x000000002b0b0000,0x000000002b1b0000)]
  0x0000000021723000 JavaThread "Asynchronous log dispatcher for DefaultDaemonConnection: socket connection from /127.0.0.1:50896 to /127.0.0.1:51081" [_thread_blocked, id=16128, stack(0x000000002aeb0000,0x000000002afb0000)]
  0x000000002172a000 JavaThread "Cancel handler" [_thread_blocked, id=6148, stack(0x000000002adb0000,0x000000002aeb0000)]
  0x0000000021727800 JavaThread "Handler for socket connection from /127.0.0.1:50896 to /127.0.0.1:51081" [_thread_in_native, id=6872, stack(0x000000002aa00000,0x000000002ab00000)]
  0x000000002060b800 JavaThread "Cache worker for file content cache (C:\Users\cyberman\.gradle\caches\5.1.1\fileContent)" [_thread_blocked, id=21700, stack(0x0000000029900000,0x0000000029a00000)]
  0x0000000020605800 JavaThread "Memory manager" [_thread_blocked, id=15728, stack(0x00000000285f0000,0x00000000286f0000)]
  0x0000000021729000 JavaThread "Cache worker for execution history cache (C:\Users\cyberman\.gradle\caches\5.1.1\executionHistory)" [_thread_blocked, id=5868, stack(0x00000000248f0000,0x00000000249f0000)]
  0x000000001c163800 JavaThread "Cache worker for journal cache (C:\Users\cyberman\.gradle\caches\journal-1)" [_thread_blocked, id=18104, stack(0x000000001fb60000,0x000000001fc60000)]
  0x000000001c15d800 JavaThread "File lock request listener" [_thread_in_native, id=6544, stack(0x000000001fa60000,0x000000001fb60000)]
  0x000000001e25e000 JavaThread "Cache worker for file hash cache (C:\Users\cyberman\.gradle\caches\5.1.1\fileHashes)" [_thread_blocked, id=11228, stack(0x000000001f960000,0x000000001fa60000)]
  0x000000001e0e3800 JavaThread "Daemon worker" [_thread_blocked, id=15776, stack(0x000000001f460000,0x000000001f560000)]
  0x000000001e0c8800 JavaThread "Daemon" [_thread_blocked, id=16528, stack(0x000000001ef60000,0x000000001f060000)]
  0x000000001e0af000 JavaThread "Daemon periodic checks" [_thread_blocked, id=14480, stack(0x000000001ee60000,0x000000001ef60000)]
  0x000000001e099800 JavaThread "Incoming local TCP Connector on port 50896" [_thread_in_native, id=18840, stack(0x000000001ec20000,0x000000001ed20000)]
  0x000000001c1e2000 JavaThread "Service Thread" daemon [_thread_blocked, id=17548, stack(0x000000001cd10000,0x000000001ce10000)]
  0x000000001c161000 JavaThread "C1 CompilerThread3" daemon [_thread_blocked, id=16688, stack(0x000000001cc10000,0x000000001cd10000)]
=>0x000000001c155000 JavaThread "C2 CompilerThread2" daemon [_thread_in_native, id=12392, stack(0x000000001cb10000,0x000000001cc10000)]
  0x000000001c150800 JavaThread "C2 CompilerThread1" daemon [_thread_in_native, id=17848, stack(0x000000001ca10000,0x000000001cb10000)]
  0x000000001c14c800 JavaThread "C2 CompilerThread0" daemon [_thread_in_native, id=13760, stack(0x000000001c910000,0x000000001ca10000)]
  0x000000001c14a800 JavaThread "Attach Listener" daemon [_thread_blocked, id=7792, stack(0x000000001c810000,0x000000001c910000)]
  0x000000001c149800 JavaThread "Signal Dispatcher" daemon [_thread_blocked, id=19000, stack(0x000000001c710000,0x000000001c810000)]
  0x000000001c140800 JavaThread "Finalizer" daemon [_thread_blocked, id=18852, stack(0x000000001c520000,0x000000001c620000)]
  0x000000001a22c800 JavaThread "Reference Handler" daemon [_thread_blocked, id=9112, stack(0x000000001c020000,0x000000001c120000)]
  0x0000000002b73800 JavaThread "main" [_thread_blocked, id=21600, stack(0x0000000002a70000,0x0000000002b70000)]

Other Threads:
  0x000000001a226800 VMThread [stack: 0x000000001bf20000,0x000000001c020000] [id=15508]
  0x000000001c1ea800 WatcherThread [stack: 0x000000001ce10000,0x000000001cf10000] [id=1984]

VM state:not at safepoint (normal execution)

VM Mutex/Monitor currently owned by a thread: None

Heap:
 PSYoungGen      total 750592K, used 438659K [0x0000000780000000, 0x00000007b1e00000, 0x00000007c0000000)
  eden space 707072K, 55% used [0x0000000780000000,0x00000007981e1280,0x00000007ab280000)
  from space 43520K, 99% used [0x00000007ab280000,0x00000007adcffbc0,0x00000007add00000)
  to   space 46080K, 0% used [0x00000007add00000,0x00000007add00000,0x00000007b0a00000)
 ParOldGen       total 178688K, used 133584K [0x0000000700000000, 0x000000070ae80000, 0x0000000780000000)
  object space 178688K, 74% used [0x0000000700000000,0x0000000708274060,0x000000070ae80000)
 Metaspace       used 99370K, capacity 103113K, committed 103592K, reserved 1138688K
  class space    used 12484K, capacity 13300K, committed 13480K, reserved 1048576K

Card table byte_map: [0x0000000012030000,0x0000000012640000] byte_map_base: 0x000000000e830000

Marking Bits: (ParMarkBitMap*) 0x0000000068f25aa0
 Begin Bits: [0x0000000013240000, 0x0000000016240000)
 End Bits:   [0x0000000016240000, 0x0000000019240000)

Polling page: 0x0000000000b50000

CodeCache: size=245760Kb used=62550Kb max_used=62550Kb free=183209Kb
 bounds [0x0000000002c70000, 0x00000000069d0000, 0x0000000011c70000]
 total_blobs=19152 nmethods=18251 adapters=811
 compilation: enabled

Compilation events (10 events):
Event: 139.612 Thread 0x000000001c161000 nmethod 22467 0x00000000069c37d0 code [0x00000000069c3940, 0x00000000069c3b38]
Event: 139.612 Thread 0x000000001c161000 22468       2       com.android.tools.r8.dex.ApplicationWriter::lambda$write$1 (24 bytes)
Event: 139.613 Thread 0x000000001c161000 nmethod 22468 0x00000000069c3cd0 code [0x00000000069c3e40, 0x00000000069c4018]
Event: 139.613 Thread 0x000000001c161000 22469       2       com.android.tools.r8.dex.VirtualFile::computeMapping (89 bytes)
Event: 139.613 Thread 0x000000001c161000 nmethod 22469 0x00000000069c4150 code [0x00000000069c42c0, 0x00000000069c4508]
Event: 139.613 Thread 0x000000001c161000 22470       2       com.android.tools.r8.graph.ObjectToOffsetMapping$ProgramClassDepthsMemoized::<init> (31 bytes)
Event: 139.614 Thread 0x000000001c161000 nmethod 22470 0x00000000069c4610 code [0x00000000069c47a0, 0x00000000069c49e8]
Event: 139.614 Thread 0x000000001c161000 22471       2       com.android.tools.r8.graph.ObjectToOffsetMapping$$Lambda$969/185789362::get$Lambda (9 bytes)
Event: 139.614 Thread 0x000000001c161000 nmethod 22471 0x00000000069c4ad0 code [0x00000000069c4c20, 0x00000000069c4db0]
Event: 139.617 Thread 0x000000001c161000 22472       1       com.android.tools.r8.code.Iget::getOpcode (3 bytes)

GC Heap History (10 events):
Event: 130.381 GC heap before
{Heap before GC invocations=20 (full 3):
 PSYoungGen      total 636416K, used 629326K [0x0000000780000000, 0x00000007a9280000, 0x00000007c0000000)
  eden space 606720K, 100% used [0x0000000780000000,0x00000007a5080000,0x00000007a5080000)
  from space 29696K, 76% used [0x00000007a7580000,0x00000007a8b93838,0x00000007a9280000)
  to   space 33792K, 0% used [0x00000007a5080000,0x00000007a5080000,0x00000007a7180000)
 ParOldGen       total 174592K, used 98515K [0x0000000700000000, 0x000000070aa80000, 0x0000000780000000)
  object space 174592K, 56% used [0x0000000700000000,0x0000000706034f08,0x000000070aa80000)
 Metaspace       used 88954K, capacity 92013K, committed 92200K, reserved 1130496K
  class space    used 11292K, capacity 11972K, committed 12072K, reserved 1048576K
Event: 130.428 GC heap after
Heap after GC invocations=20 (full 3):
 PSYoungGen      total 640512K, used 33767K [0x0000000780000000, 0x00000007b0a00000, 0x00000007c0000000)
  eden space 606720K, 0% used [0x0000000780000000,0x0000000780000000,0x00000007a5080000)
  from space 33792K, 99% used [0x00000007a5080000,0x00000007a7179dc0,0x00000007a7180000)
  to   space 46080K, 0% used [0x00000007add00000,0x00000007add00000,0x00000007b0a00000)
 ParOldGen       total 174592K, used 119220K [0x0000000700000000, 0x000000070aa80000, 0x0000000780000000)
  object space 174592K, 68% used [0x0000000700000000,0x000000070746d148,0x000000070aa80000)
 Metaspace       used 88954K, capacity 92013K, committed 92200K, reserved 1130496K
  class space    used 11292K, capacity 11972K, committed 12072K, reserved 1048576K
}
Event: 131.216 GC heap before
{Heap before GC invocations=21 (full 3):
 PSYoungGen      total 640512K, used 171654K [0x0000000780000000, 0x00000007b0a00000, 0x00000007c0000000)
  eden space 606720K, 22% used [0x0000000780000000,0x00000007886a7d00,0x00000007a5080000)
  from space 33792K, 99% used [0x00000007a5080000,0x00000007a7179dc0,0x00000007a7180000)
  to   space 46080K, 0% used [0x00000007add00000,0x00000007add00000,0x00000007b0a00000)
 ParOldGen       total 174592K, used 119220K [0x0000000700000000, 0x000000070aa80000, 0x0000000780000000)
  object space 174592K, 68% used [0x0000000700000000,0x000000070746d148,0x000000070aa80000)
 Metaspace       used 94608K, capacity 98475K, committed 98600K, reserved 1134592K
  class space    used 12118K, capacity 13003K, committed 13096K, reserved 1048576K
Event: 131.252 GC heap after
Heap after GC invocations=21 (full 3):
 PSYoungGen      total 753152K, used 19894K [0x0000000780000000, 0x00000007b1e00000, 0x00000007c0000000)
  eden space 707072K, 0% used [0x0000000780000000,0x0000000780000000,0x00000007ab280000)
  from space 46080K, 43% used [0x00000007add00000,0x00000007af06d958,0x00000007b0a00000)
  to   space 43520K, 0% used [0x00000007ab280000,0x00000007ab280000,0x00000007add00000)
 ParOldGen       total 178688K, used 176352K [0x0000000700000000, 0x000000070ae80000, 0x0000000780000000)
  object space 178688K, 98% used [0x0000000700000000,0x000000070ac38348,0x000000070ae80000)
 Metaspace       used 94608K, capacity 98475K, committed 98600K, reserved 1134592K
  class space    used 12118K, capacity 13003K, committed 13096K, reserved 1048576K
}
Event: 131.252 GC heap before
{Heap before GC invocations=22 (full 4):
 PSYoungGen      total 753152K, used 19894K [0x0000000780000000, 0x00000007b1e00000, 0x00000007c0000000)
  eden space 707072K, 0% used [0x0000000780000000,0x0000000780000000,0x00000007ab280000)
  from space 46080K, 43% used [0x00000007add00000,0x00000007af06d958,0x00000007b0a00000)
  to   space 43520K, 0% used [0x00000007ab280000,0x00000007ab280000,0x00000007add00000)
 ParOldGen       total 178688K, used 176352K [0x0000000700000000, 0x000000070ae80000, 0x0000000780000000)
  object space 178688K, 98% used [0x0000000700000000,0x000000070ac38348,0x000000070ae80000)
 Metaspace       used 94608K, capacity 98475K, committed 98600K, reserved 1134592K
  class space    used 12118K, capacity 13003K, committed 13096K, reserved 1048576K
Event: 131.538 GC heap after
Heap after GC invocations=22 (full 4):
 PSYoungGen      total 753152K, used 0K [0x0000000780000000, 0x00000007b1e00000, 0x00000007c0000000)
  eden space 707072K, 0% used [0x0000000780000000,0x0000000780000000,0x00000007ab280000)
  from space 46080K, 0% used [0x00000007add00000,0x00000007add00000,0x00000007b0a00000)
  to   space 43520K, 0% used [0x00000007ab280000,0x00000007ab280000,0x00000007add00000)
 ParOldGen       total 178688K, used 149171K [0x0000000700000000, 0x000000070ae80000, 0x0000000780000000)
  object space 178688K, 83% used [0x0000000700000000,0x00000007091ace98,0x000000070ae80000)
 Metaspace       used 93552K, capacity 96717K, committed 98600K, reserved 1134592K
  class space    used 11888K, capacity 12644K, committed 13096K, reserved 1048576K
}
Event: 136.319 GC heap before
{Heap before GC invocations=23 (full 5):
 PSYoungGen      total 753152K, used 707072K [0x0000000780000000, 0x00000007b1e00000, 0x00000007c0000000)
  eden space 707072K, 100% used [0x0000000780000000,0x00000007ab280000,0x00000007ab280000)
  from space 46080K, 0% used [0x00000007add00000,0x00000007add00000,0x00000007b0a00000)
  to   space 43520K, 0% used [0x00000007ab280000,0x00000007ab280000,0x00000007add00000)
 ParOldGen       total 178688K, used 149171K [0x0000000700000000, 0x000000070ae80000, 0x0000000780000000)
  object space 178688K, 83% used [0x0000000700000000,0x00000007091ace98,0x000000070ae80000)
 Metaspace       used 98660K, capacity 102495K, committed 103080K, reserved 1138688K
  class space    used 12425K, capacity 13241K, committed 13480K, reserved 1048576K
Event: 136.605 GC heap after
Heap after GC invocations=23 (full 5):
 PSYoungGen      total 753152K, used 0K [0x0000000780000000, 0x00000007b1e00000, 0x00000007c0000000)
  eden space 707072K, 0% used [0x0000000780000000,0x0000000780000000,0x00000007ab280000)
  from space 46080K, 0% used [0x00000007add00000,0x00000007add00000,0x00000007b0a00000)
  to   space 43520K, 0% used [0x00000007ab280000,0x00000007ab280000,0x00000007add00000)
 ParOldGen       total 178688K, used 131737K [0x0000000700000000, 0x000000070ae80000, 0x0000000780000000)
  object space 178688K, 73% used [0x0000000700000000,0x00000007080a6640,0x000000070ae80000)
 Metaspace       used 98607K, capacity 102327K, committed 103080K, reserved 1138688K
  class space    used 12407K, capacity 13211K, committed 13480K, reserved 1048576K
}
Event: 138.233 GC heap before
{Heap before GC invocations=24 (full 5):
 PSYoungGen      total 753152K, used 707072K [0x0000000780000000, 0x00000007b1e00000, 0x00000007c0000000)
  eden space 707072K, 100% used [0x0000000780000000,0x00000007ab280000,0x00000007ab280000)
  from space 46080K, 0% used [0x00000007add00000,0x00000007add00000,0x00000007b0a00000)
  to   space 43520K, 0% used [0x00000007ab280000,0x00000007ab280000,0x00000007add00000)
 ParOldGen       total 178688K, used 131737K [0x0000000700000000, 0x000000070ae80000, 0x0000000780000000)
  object space 178688K, 73% used [0x0000000700000000,0x00000007080a6640,0x000000070ae80000)
 Metaspace       used 98899K, capacity 102571K, committed 103080K, reserved 1138688K
  class space    used 12421K, capacity 13213K, committed 13480K, reserved 1048576K
Event: 138.289 GC heap after
Heap after GC invocations=24 (full 5):
 PSYoungGen      total 750592K, used 43518K [0x0000000780000000, 0x00000007b1e00000, 0x00000007c0000000)
  eden space 707072K, 0% used [0x0000000780000000,0x0000000780000000,0x00000007ab280000)
  from space 43520K, 99% used [0x00000007ab280000,0x00000007adcffbc0,0x00000007add00000)
  to   space 46080K, 0% used [0x00000007add00000,0x00000007add00000,0x00000007b0a00000)
 ParOldGen       total 178688K, used 133584K [0x0000000700000000, 0x000000070ae80000, 0x0000000780000000)
  object space 178688K, 74% used [0x0000000700000000,0x0000000708274060,0x000000070ae80000)
 Metaspace       used 98899K, capacity 102571K, committed 103080K, reserved 1138688K
  class space    used 12421K, capacity 13213K, committed 13480K, reserved 1048576K
}

Deoptimization events (10 events):
Event: 138.095 Thread 0x000000001e431800 Uncommon trap: reason=unstable_if action=reinterpret pc=0x0000000006546e9c method=com.android.tools.r8.graph.DexString.slowCompareTo(Lcom/android/tools/r8/graph/DexString;)I @ 54
Event: 138.339 Thread 0x000000001e431800 Uncommon trap: reason=unstable_if action=reinterpret pc=0x0000000003a4c3a4 method=sun.nio.fs.WindowsException.translateToIOException(Ljava/lang/String;Ljava/lang/String;)Ljava/io/IOException; @ 32
Event: 139.376 Thread 0x000000001e424800 Uncommon trap: reason=unstable_if action=reinterpret pc=0x0000000003e55148 method=java.util.Arrays.equals([Ljava/lang/Object;[Ljava/lang/Object;)Z @ 47
Event: 139.394 Thread 0x000000001e433800 Uncommon trap: reason=class_check action=maybe_recompile pc=0x00000000055bbc00 method=com.android.tools.r8.ir.conversion.IRBuilder.checkRegister(I)V @ 20
Event: 139.394 Thread 0x000000001e433800 Uncommon trap: reason=class_check action=maybe_recompile pc=0x00000000055bbc00 method=com.android.tools.r8.ir.conversion.IRBuilder.checkRegister(I)V @ 20
Event: 139.394 Thread 0x000000001e433800 Uncommon trap: reason=class_check action=maybe_recompile pc=0x00000000060a35c4 method=com.android.tools.r8.ir.conversion.IRBuilder.checkRegister(I)V @ 20
Event: 139.394 Thread 0x000000001e433800 Uncommon trap: reason=class_check action=maybe_recompile pc=0x00000000055bbc00 method=com.android.tools.r8.ir.conversion.IRBuilder.checkRegister(I)V @ 20
Event: 139.395 Thread 0x000000001e433800 Uncommon trap: reason=class_check action=maybe_recompile pc=0x00000000060a35c4 method=com.android.tools.r8.ir.conversion.IRBuilder.checkRegister(I)V @ 20
Event: 139.395 Thread 0x000000001e433800 Uncommon trap: reason=class_check action=maybe_recompile pc=0x0000000006944168 method=com.android.tools.r8.ir.conversion.IRBuilder.generateSplitEdgeBlocks()V @ 77
Event: 139.465 Thread 0x000000001e431800 Uncommon trap: reason=unstable_if action=reinterpret pc=0x00000000066ef3ac method=java.nio.file.FileTreeIterator.fetchNextIfNeeded()V @ 16

Classes redefined (0 events):
No events

Internal exceptions (10 events):
Event: 139.610 Thread 0x000000001e424800 Exception <a 'sun/nio/fs/WindowsException'> (0x0000000790c34a48) thrown at [D:\src\AOSP-openjdk-cygwin\jdk8u\hotspot\src\share\vm\prims\jni.cpp, line 709]
Event: 139.610 Thread 0x000000001e424800 Exception <a 'sun/nio/fs/WindowsException'> (0x0000000790c352b8) thrown at [D:\src\AOSP-openjdk-cygwin\jdk8u\hotspot\src\share\vm\prims\jni.cpp, line 709]
Event: 139.613 Thread 0x000000001e427800 Exception <a 'sun/nio/fs/WindowsException'> (0x0000000797bcb5c8) thrown at [D:\src\AOSP-openjdk-cygwin\jdk8u\hotspot\src\share\vm\prims\jni.cpp, line 709]
Event: 139.613 Thread 0x000000001e427800 Exception <a 'sun/nio/fs/WindowsException'> (0x0000000797bcbc38) thrown at [D:\src\AOSP-openjdk-cygwin\jdk8u\hotspot\src\share\vm\prims\jni.cpp, line 709]
Event: 139.613 Thread 0x000000001e427800 Exception <a 'sun/nio/fs/WindowsException'> (0x0000000797bcc0a0) thrown at [D:\src\AOSP-openjdk-cygwin\jdk8u\hotspot\src\share\vm\prims\jni.cpp, line 709]
Event: 139.613 Thread 0x000000001e427800 Exception <a 'sun/nio/fs/WindowsException'> (0x0000000797bcc910) thrown at [D:\src\AOSP-openjdk-cygwin\jdk8u\hotspot\src\share\vm\prims\jni.cpp, line 709]
Event: 139.613 Thread 0x000000001e427800 Exception <a 'sun/nio/fs/WindowsException'> (0x0000000797bccd68) thrown at [D:\src\AOSP-openjdk-cygwin\jdk8u\hotspot\src\share\vm\prims\jni.cpp, line 709]
Event: 139.613 Thread 0x000000001e427800 Exception <a 'sun/nio/fs/WindowsException'> (0x0000000797bcd5a8) thrown at [D:\src\AOSP-openjdk-cygwin\jdk8u\hotspot\src\share\vm\prims\jni.cpp, line 709]
Event: 139.613 Thread 0x000000001e427800 Exception <a 'sun/nio/fs/WindowsException'> (0x0000000797bcd9e0) thrown at [D:\src\AOSP-openjdk-cygwin\jdk8u\hotspot\src\share\vm\prims\jni.cpp, line 709]
Event: 139.613 Thread 0x000000001e427800 Exception <a 'sun/nio/fs/WindowsException'> (0x0000000797bce210) thrown at [D:\src\AOSP-openjdk-cygwin\jdk8u\hotspot\src\share\vm\prims\jni.cpp, line 709]

Events (10 events):
Event: 139.520 Thread 0x000000001e426000 DEOPT PACKING pc=0x00000000061975dd sp=0x000000002fc4e010
Event: 139.520 Thread 0x000000001e426000 DEOPT UNPACKING pc=0x0000000002cb75d0 sp=0x000000002fc4de40 mode 0
Event: 139.542 Thread 0x000000001e432000 DEOPT PACKING pc=0x00000000061975dd sp=0x0000000037ecd940
Event: 139.542 Thread 0x000000001e432000 DEOPT UNPACKING pc=0x0000000002cb75d0 sp=0x0000000037ecd770 mode 0
Event: 139.544 Thread 0x000000001e431800 DEOPT PACKING pc=0x0000000005e9f31c sp=0x000000002ff4ccc0
Event: 139.544 Thread 0x000000001e431800 DEOPT UNPACKING pc=0x0000000002cb75d0 sp=0x000000002ff4ca28 mode 0
Event: 139.579 Thread 0x000000001e433800 DEOPT PACKING pc=0x00000000061975dd sp=0x0000000037fce090
Event: 139.579 Thread 0x000000001e433800 DEOPT UNPACKING pc=0x0000000002cb75d0 sp=0x0000000037fcdec0 mode 0
Event: 139.602 Thread 0x000000001e432000 DEOPT PACKING pc=0x0000000005e9f31c sp=0x0000000037ecd590
Event: 139.602 Thread 0x000000001e432000 DEOPT UNPACKING pc=0x0000000002cb75d0 sp=0x0000000037ecd2f8 mode 0


Dynamic libraries:
0x00007ff7b4080000 - 0x00007ff7b40b1000 	C:\Program Files\Android\Android Studio\jre\bin\java.exe
0x00007ffe218a0000 - 0x00007ffe21a81000 	C:\WINDOWS\SYSTEM32\ntdll.dll
0x00007ffe210b0000 - 0x00007ffe21162000 	C:\WINDOWS\System32\KERNEL32.DLL
0x00007ffe1e860000 - 0x00007ffe1ead3000 	C:\WINDOWS\System32\KERNELBASE.dll
0x00007ffe21790000 - 0x00007ffe21831000 	C:\WINDOWS\System32\ADVAPI32.dll
0x00007ffe1f910000 - 0x00007ffe1f9ae000 	C:\WINDOWS\System32\msvcrt.dll
0x00007ffe1fa80000 - 0x00007ffe1fadb000 	C:\WINDOWS\System32\sechost.dll
0x00007ffe1ed30000 - 0x00007ffe1ee54000 	C:\WINDOWS\System32\RPCRT4.dll
0x00007ffe212b0000 - 0x00007ffe21440000 	C:\WINDOWS\System32\USER32.dll
0x00007ffe1eae0000 - 0x00007ffe1eb00000 	C:\WINDOWS\System32\win32u.dll
0x00007ffe21840000 - 0x00007ffe21868000 	C:\WINDOWS\System32\GDI32.dll
0x00007ffe1dc70000 - 0x00007ffe1de02000 	C:\WINDOWS\System32\gdi32full.dll
0x00007ffe1eb00000 - 0x00007ffe1eb9f000 	C:\WINDOWS\System32\msvcp_win.dll
0x00007ffe1de60000 - 0x00007ffe1df5a000 	C:\WINDOWS\System32\ucrtbase.dll
0x00007ffe0c770000 - 0x00007ffe0c9d9000 	C:\WINDOWS\WinSxS\amd64_microsoft.windows.common-controls_6595b64144ccf1df_6.0.17134.112_none_fb3f961b30681c12\COMCTL32.dll
0x00007ffe1f5a0000 - 0x00007ffe1f8c3000 	C:\WINDOWS\System32\combase.dll
0x00007ffe1ecb0000 - 0x00007ffe1ed2a000 	C:\WINDOWS\System32\bcryptPrimitives.dll
0x00007ffe1f8d0000 - 0x00007ffe1f8fd000 	C:\WINDOWS\System32\IMM32.DLL
0x0000000065720000 - 0x00000000657f2000 	C:\Program Files\Android\Android Studio\jre\jre\bin\msvcr100.dll
0x0000000068760000 - 0x0000000068fa1000 	C:\Program Files\Android\Android Studio\jre\jre\bin\server\jvm.dll
0x00007ffe214a0000 - 0x00007ffe214a8000 	C:\WINDOWS\System32\PSAPI.DLL
0x00007ffe185c0000 - 0x00007ffe185ca000 	C:\WINDOWS\SYSTEM32\VERSION.dll
0x00007ffe1a210000 - 0x00007ffe1a219000 	C:\WINDOWS\SYSTEM32\WSOCK32.dll
0x00007ffe1bd80000 - 0x00007ffe1bda3000 	C:\WINDOWS\SYSTEM32\WINMM.dll
0x00007ffe21240000 - 0x00007ffe212ac000 	C:\WINDOWS\System32\WS2_32.dll
0x00007ffe1bc20000 - 0x00007ffe1bc4a000 	C:\WINDOWS\SYSTEM32\WINMMBASE.dll
0x00007ffe1de10000 - 0x00007ffe1de59000 	C:\WINDOWS\System32\cfgmgr32.dll
0x00007ffe19c90000 - 0x00007ffe19c9f000 	C:\Program Files\Android\Android Studio\jre\jre\bin\verify.dll
0x00007ffe19750000 - 0x00007ffe19779000 	C:\Program Files\Android\Android Studio\jre\jre\bin\java.dll
0x00007ffe18bf0000 - 0x00007ffe18c06000 	C:\Program Files\Android\Android Studio\jre\jre\bin\zip.dll
0x00007ffe1fbd0000 - 0x00007ffe21010000 	C:\WINDOWS\System32\SHELL32.dll
0x00007ffe1f9d0000 - 0x00007ffe1fa79000 	C:\WINDOWS\System32\shcore.dll
0x00007ffe1e150000 - 0x00007ffe1e85d000 	C:\WINDOWS\System32\windows.storage.dll
0x00007ffe1f060000 - 0x00007ffe1f0b1000 	C:\WINDOWS\System32\shlwapi.dll
0x00007ffe1dc30000 - 0x00007ffe1dc41000 	C:\WINDOWS\System32\kernel.appcore.dll
0x00007ffe1dc10000 - 0x00007ffe1dc2f000 	C:\WINDOWS\System32\profapi.dll
0x00007ffe1dbb0000 - 0x00007ffe1dbfc000 	C:\WINDOWS\System32\powrprof.dll
0x00007ffe1dc00000 - 0x00007ffe1dc0a000 	C:\WINDOWS\System32\FLTLIB.DLL
0x00007ffe18aa0000 - 0x00007ffe18aba000 	C:\Program Files\Android\Android Studio\jre\jre\bin\net.dll
0x00007ffe1d430000 - 0x00007ffe1d496000 	C:\WINDOWS\system32\mswsock.dll
0x00007ffe10ad0000 - 0x00007ffe10ae1000 	C:\Program Files\Android\Android Studio\jre\jre\bin\nio.dll
0x00007ffe19e20000 - 0x00007ffe19e3e000 	C:\Users\cyberman\.gradle\native\25\windows-amd64\native-platform.dll
0x00007ffe18be0000 - 0x00007ffe18bed000 	C:\Program Files\Android\Android Studio\jre\jre\bin\management.dll
0x00007ffe1d5e0000 - 0x00007ffe1d5f7000 	C:\WINDOWS\SYSTEM32\CRYPTSP.dll
0x00007ffe1d010000 - 0x00007ffe1d043000 	C:\WINDOWS\system32\rsaenh.dll
0x00007ffe1d710000 - 0x00007ffe1d735000 	C:\WINDOWS\SYSTEM32\bcrypt.dll
0x00007ffe1dab0000 - 0x00007ffe1dad8000 	C:\WINDOWS\SYSTEM32\USERENV.dll
0x00007ffe1d600000 - 0x00007ffe1d60b000 	C:\WINDOWS\SYSTEM32\CRYPTBASE.dll
0x00007ffe1d1b0000 - 0x00007ffe1d1e8000 	C:\WINDOWS\SYSTEM32\IPHLPAPI.DLL
0x00007ffe1f590000 - 0x00007ffe1f598000 	C:\WINDOWS\System32\NSI.dll
0x00007ffe163a0000 - 0x00007ffe163b6000 	C:\WINDOWS\SYSTEM32\dhcpcsvc6.DLL
0x00007ffe161d0000 - 0x00007ffe161ea000 	C:\WINDOWS\SYSTEM32\dhcpcsvc.DLL
0x00007ffe1cca0000 - 0x00007ffe1ccd1000 	C:\WINDOWS\SYSTEM32\ntmarta.dll

VM Arguments:
jvm_args: -XX:MaxPermSize=512m -XX:+HeapDumpOnOutOfMemoryError -Xmx3072m -Dfile.encoding=UTF-8 -Duser.country=US -Duser.language=en -Duser.variant 
java_command: org.gradle.launcher.daemon.bootstrap.GradleDaemon 5.1.1
java_class_path (initial): C:\Users\cyberman\.gradle\wrapper\dists\gradle-5.1.1-all\97z1ksx6lirer3kbvdnh7jtjg\gradle-5.1.1\lib\gradle-launcher-5.1.1.jar
Launcher Type: SUN_STANDARD

Environment Variables:
USERNAME=cyberman
OS=Windows_NT
PROCESSOR_IDENTIFIER=Intel64 Family 6 Model 158 Stepping 9, GenuineIntel



---------------  S Y S T E M  ---------------

OS: Windows 10.0 , 64 bit Build 17134 (10.0.17134.1)

CPU:total 8 (initial active 8) (4 cores per cpu, 2 threads per core) family 6 model 158 stepping 9, cmov, cx8, fxsr, mmx, sse, sse2, sse3, ssse3, sse4.1, sse4.2, popcnt, avx, avx2, aes, clmul, erms, 3dnowpref, lzcnt, ht, tsc, tscinvbit, bmi1, bmi2, adx

Memory: 4k page, physical 16658020k(1176164k free), swap 27548628k(6224k free)

vm_info: OpenJDK 64-Bit Server VM (25.152-b01) for windows-amd64 JRE (1.8.0_152-release-1343-b01), built by "builder" with MS VC++ 10.0 (VS2010)

time: Fri Aug 02 12:05:21 2019
elapsed time: 139 seconds (0d 0h 2m 19s)

